# JRE version: OpenJDK Runtime Environment (21.0.3) (build 21.0.3+-12282718-b509.11)
# Java VM: OpenJDK 64-Bit Server VM (21.0.3+-12282718-b509.11, mixed mode, tiered, compressed oops, compressed class ptrs, g1 gc, windows-amd64)
GC Precious Log:
 CardTable entry size: 512
 Card Set container configuration: InlinePtr #cards 4 size 8 Array Of Cards #cards 16 size 48 Howl #buckets 8 coarsen threshold 3686 Howl Bitmap #cards 512 size 80 coarsen threshold 460 Card regions per heap region 1 cards per card region 4096
 CPUs: 12 total, 12 available
 Memory: 16217M
 Large Page Support: Disabled
 NUMA Support: Disabled
 Compressed Oops: Enabled (Zero based)
 Heap Region Size: 2M
 Heap Min Capacity: 8M
 Heap Initial Capacity: 254M
 Heap Max Capacity: 4G
 Pre-touch: Disabled
 Parallel Workers: 10
 Concurrent Workers: 3
 Concurrent Refinement Workers: 10
 Periodic GC: Disabled
Heap:
 garbage-first heap   total 172032K, used 44527K [0x0000000700000000, 0x0000000800000000)
  region size 2048K, 3 young (6144K), 3 survivors (6144K)
 Metaspace       used 59494K, committed 60736K, reserved 1114112K
  class space    used 7626K, committed 8256K, reserved 1048576K
GC Heap History (20 events):
Event: 6.181 GC heap after
{Heap after GC invocations=33 (full 0):
 garbage-first heap   total 172032K, used 40474K [0x0000000700000000, 0x0000000800000000)
  region size 2048K, 3 young (6144K), 3 survivors (6144K)
 Metaspace       used 51688K, committed 52992K, reserved 1114112K
  class space    used 6691K, committed 7360K, reserved 1048576K
}
Event: 6.338 GC heap before
{Heap before GC invocations=33 (full 0):
 garbage-first heap   total 172032K, used 136730K [0x0000000700000000, 0x0000000800000000)
  region size 2048K, 50 young (102400K), 3 survivors (6144K)
 Metaspace       used 51689K, committed 52992K, reserved 1114112K
  class space    used 6691K, committed 7360K, reserved 1048576K
}
Event: 6.340 GC heap after
{Heap after GC invocations=34 (full 0):
 garbage-first heap   total 172032K, used 40526K [0x0000000700000000, 0x0000000800000000)
  region size 2048K, 3 young (6144K), 3 survivors (6144K)
 Metaspace       used 51689K, committed 52992K, reserved 1114112K
  class space    used 6691K, committed 7360K, reserved 1048576K
}
Event: 6.495 GC heap before
{Heap before GC invocations=34 (full 0):
 garbage-first heap   total 172032K, used 136782K [0x0000000700000000, 0x0000000800000000)
  region size 2048K, 50 young (102400K), 3 survivors (6144K)
 Metaspace       used 51689K, committed 52992K, reserved 1114112K
  class space    used 6691K, committed 7360K, reserved 1048576K
}
Event: 6.497 GC heap after
{Heap after GC invocations=35 (full 0):
 garbage-first heap   total 172032K, used 40774K [0x0000000700000000, 0x0000000800000000)
  region size 2048K, 3 young (6144K), 3 survivors (6144K)
 Metaspace       used 51689K, committed 52992K, reserved 1114112K
  class space    used 6691K, committed 7360K, reserved 1048576K
}
Event: 6.634 GC heap before
{Heap before GC invocations=35 (full 0):
 garbage-first heap   total 172032K, used 137030K [0x0000000700000000, 0x0000000800000000)
  region size 2048K, 50 young (102400K), 3 survivors (6144K)
 Metaspace       used 51689K, committed 52992K, reserved 1114112K
  class space    used 6691K, committed 7360K, reserved 1048576K
}
Event: 6.636 GC heap after
{Heap after GC invocations=36 (full 0):
 garbage-first heap   total 172032K, used 41117K [0x0000000700000000, 0x0000000800000000)
  region size 2048K, 3 young (6144K), 3 survivors (6144K)
 Metaspace       used 51689K, committed 52992K, reserved 1114112K
  class space    used 6691K, committed 7360K, reserved 1048576K
}
Event: 6.770 GC heap before
{Heap before GC invocations=36 (full 0):
 garbage-first heap   total 172032K, used 137373K [0x0000000700000000, 0x0000000800000000)
  region size 2048K, 50 young (102400K), 3 survivors (6144K)
 Metaspace       used 51689K, committed 52992K, reserved 1114112K
  class space    used 6691K, committed 7360K, reserved 1048576K
}
Event: 6.772 GC heap after
{Heap after GC invocations=37 (full 0):
 garbage-first heap   total 172032K, used 41186K [0x0000000700000000, 0x0000000800000000)
  region size 2048K, 3 young (6144K), 3 survivors (6144K)
 Metaspace       used 51689K, committed 52992K, reserved 1114112K
  class space    used 6691K, committed 7360K, reserved 1048576K
}
Event: 6.889 GC heap before
{Heap before GC invocations=37 (full 0):
 garbage-first heap   total 172032K, used 137442K [0x0000000700000000, 0x0000000800000000)
  region size 2048K, 50 young (102400K), 3 survivors (6144K)
 Metaspace       used 51689K, committed 52992K, reserved 1114112K
  class space    used 6691K, committed 7360K, reserved 1048576K
}
Event: 6.890 GC heap after
{Heap after GC invocations=38 (full 0):
 garbage-first heap   total 172032K, used 41363K [0x0000000700000000, 0x0000000800000000)
  region size 2048K, 3 young (6144K), 3 survivors (6144K)
 Metaspace       used 51689K, committed 52992K, reserved 1114112K
  class space    used 6691K, committed 7360K, reserved 1048576K
}
Event: 7.017 GC heap before
{Heap before GC invocations=38 (full 0):
 garbage-first heap   total 172032K, used 137619K [0x0000000700000000, 0x0000000800000000)
  region size 2048K, 50 young (102400K), 3 survivors (6144K)
 Metaspace       used 51691K, committed 52992K, reserved 1114112K
  class space    used 6691K, committed 7360K, reserved 1048576K
}
Event: 7.018 GC heap after
{Heap after GC invocations=39 (full 0):
 garbage-first heap   total 172032K, used 41434K [0x0000000700000000, 0x0000000800000000)
  region size 2048K, 3 young (6144K), 3 survivors (6144K)
 Metaspace       used 51691K, committed 52992K, reserved 1114112K
  class space    used 6691K, committed 7360K, reserved 1048576K
}
Event: 7.203 GC heap before
{Heap before GC invocations=39 (full 0):
 garbage-first heap   total 172032K, used 137690K [0x0000000700000000, 0x0000000800000000)
  region size 2048K, 50 young (102400K), 3 survivors (6144K)
 Metaspace       used 51691K, committed 52992K, reserved 1114112K
  class space    used 6691K, committed 7360K, reserved 1048576K
}
Event: 7.204 GC heap after
{Heap after GC invocations=40 (full 0):
 garbage-first heap   total 172032K, used 41655K [0x0000000700000000, 0x0000000800000000)
  region size 2048K, 3 young (6144K), 3 survivors (6144K)
 Metaspace       used 51691K, committed 52992K, reserved 1114112K
  class space    used 6691K, committed 7360K, reserved 1048576K
}
Event: 7.319 GC heap before
{Heap before GC invocations=40 (full 0):
 garbage-first heap   total 172032K, used 137911K [0x0000000700000000, 0x0000000800000000)
  region size 2048K, 50 young (102400K), 3 survivors (6144K)
 Metaspace       used 51691K, committed 52992K, reserved 1114112K
  class space    used 6691K, committed 7360K, reserved 1048576K
}
Event: 7.321 GC heap after
{Heap after GC invocations=41 (full 0):
 garbage-first heap   total 172032K, used 41789K [0x0000000700000000, 0x0000000800000000)
  region size 2048K, 2 young (4096K), 2 survivors (4096K)
 Metaspace       used 51691K, committed 52992K, reserved 1114112K
  class space    used 6691K, committed 7360K, reserved 1048576K
}
Event: 7.435 GC heap before
{Heap before GC invocations=41 (full 0):
 garbage-first heap   total 172032K, used 140093K [0x0000000700000000, 0x0000000800000000)
  region size 2048K, 50 young (102400K), 2 survivors (4096K)
 Metaspace       used 51691K, committed 52992K, reserved 1114112K
  class space    used 6691K, committed 7360K, reserved 1048576K
}
Event: 7.436 GC heap after
{Heap after GC invocations=42 (full 0):
 garbage-first heap   total 172032K, used 41814K [0x0000000700000000, 0x0000000800000000)
  region size 2048K, 2 young (4096K), 2 survivors (4096K)
 Metaspace       used 51691K, committed 52992K, reserved 1114112K
  class space    used 6691K, committed 7360K, reserved 1048576K
}
Event: 7.850 GC heap before
{Heap before GC invocations=42 (full 0):
 garbage-first heap   total 172032K, used 119638K [0x0000000700000000, 0x0000000800000000)
  region size 2048K, 41 young (83968K), 2 survivors (4096K)
 Metaspace       used 59494K, committed 60736K, reserved 1114112K
  class space    used 7626K, committed 8256K, reserved 1048576K
}

