# JRE version: OpenJDK Runtime Environment (21.0.3) (build 21.0.3+-12282718-b509.11)
# Java VM: OpenJDK 64-Bit Server VM (21.0.3+-12282718-b509.11, mixed mode, tiered, compressed oops, compressed class ptrs, g1 gc, windows-amd64)
GC Precious Log:
 CardTable entry size: 512
 Card Set container configuration: InlinePtr #cards 4 size 8 Array Of Cards #cards 16 size 48 Howl #buckets 8 coarsen threshold 3686 Howl Bitmap #cards 512 size 80 coarsen threshold 460 Card regions per heap region 1 cards per card region 4096
 CPUs: 12 total, 12 available
 Memory: 16217M
 Large Page Support: Disabled
 NUMA Support: Disabled
 Compressed Oops: Enabled (Zero based)
 Heap Region Size: 2M
 Heap Min Capacity: 8M
 Heap Initial Capacity: 254M
 Heap Max Capacity: 4G
 Pre-touch: Disabled
 Parallel Workers: 10
 Concurrent Workers: 3
 Concurrent Refinement Workers: 10
 Periodic GC: Disabled
Heap:
 garbage-first heap   total 163840K, used 127205K [0x0000000700000000, 0x0000000800000000)
  region size 2048K, 29 young (59392K), 3 survivors (6144K)
 Metaspace       used 86920K, committed 88576K, reserved 1179648K
  class space    used 11201K, committed 12032K, reserved 1048576K
GC Heap History (20 events):
Event: 6.359 GC heap before
{Heap before GC invocations=32 (full 0):
 garbage-first heap   total 229376K, used 172389K [0x0000000700000000, 0x0000000800000000)
  region size 2048K, 67 young (137216K), 3 survivors (6144K)
 Metaspace       used 51711K, committed 52992K, reserved 1114112K
  class space    used 6696K, committed 7360K, reserved 1048576K
}
Event: 6.361 GC heap after
{Heap after GC invocations=33 (full 0):
 garbage-first heap   total 229376K, used 41562K [0x0000000700000000, 0x0000000800000000)
  region size 2048K, 3 young (6144K), 3 survivors (6144K)
 Metaspace       used 51711K, committed 52992K, reserved 1114112K
  class space    used 6696K, committed 7360K, reserved 1048576K
}
Event: 6.532 GC heap before
{Heap before GC invocations=33 (full 0):
 garbage-first heap   total 229376K, used 172634K [0x0000000700000000, 0x0000000800000000)
  region size 2048K, 67 young (137216K), 3 survivors (6144K)
 Metaspace       used 51711K, committed 52992K, reserved 1114112K
  class space    used 6696K, committed 7360K, reserved 1048576K
}
Event: 6.534 GC heap after
{Heap after GC invocations=34 (full 0):
 garbage-first heap   total 229376K, used 41839K [0x0000000700000000, 0x0000000800000000)
  region size 2048K, 3 young (6144K), 3 survivors (6144K)
 Metaspace       used 51711K, committed 52992K, reserved 1114112K
  class space    used 6696K, committed 7360K, reserved 1048576K
}
Event: 6.715 GC heap before
{Heap before GC invocations=34 (full 0):
 garbage-first heap   total 229376K, used 172911K [0x0000000700000000, 0x0000000800000000)
  region size 2048K, 67 young (137216K), 3 survivors (6144K)
 Metaspace       used 51711K, committed 52992K, reserved 1114112K
  class space    used 6696K, committed 7360K, reserved 1048576K
}
Event: 6.716 GC heap after
{Heap after GC invocations=35 (full 0):
 garbage-first heap   total 229376K, used 42107K [0x0000000700000000, 0x0000000800000000)
  region size 2048K, 3 young (6144K), 3 survivors (6144K)
 Metaspace       used 51711K, committed 52992K, reserved 1114112K
  class space    used 6696K, committed 7360K, reserved 1048576K
}
Event: 6.864 GC heap before
{Heap before GC invocations=35 (full 0):
 garbage-first heap   total 229376K, used 173179K [0x0000000700000000, 0x0000000800000000)
  region size 2048K, 67 young (137216K), 3 survivors (6144K)
 Metaspace       used 51713K, committed 52992K, reserved 1114112K
  class space    used 6696K, committed 7360K, reserved 1048576K
}
Event: 6.866 GC heap after
{Heap after GC invocations=36 (full 0):
 garbage-first heap   total 229376K, used 42280K [0x0000000700000000, 0x0000000800000000)
  region size 2048K, 3 young (6144K), 3 survivors (6144K)
 Metaspace       used 51713K, committed 52992K, reserved 1114112K
  class space    used 6696K, committed 7360K, reserved 1048576K
}
Event: 7.016 GC heap before
{Heap before GC invocations=36 (full 0):
 garbage-first heap   total 229376K, used 173352K [0x0000000700000000, 0x0000000800000000)
  region size 2048K, 67 young (137216K), 3 survivors (6144K)
 Metaspace       used 51713K, committed 52992K, reserved 1114112K
  class space    used 6696K, committed 7360K, reserved 1048576K
}
Event: 7.018 GC heap after
{Heap after GC invocations=37 (full 0):
 garbage-first heap   total 276480K, used 42556K [0x0000000700000000, 0x0000000800000000)
  region size 2048K, 3 young (6144K), 3 survivors (6144K)
 Metaspace       used 51713K, committed 52992K, reserved 1114112K
  class space    used 6696K, committed 7360K, reserved 1048576K
}
Event: 7.281 GC heap before
{Heap before GC invocations=37 (full 0):
 garbage-first heap   total 276480K, used 202300K [0x0000000700000000, 0x0000000800000000)
  region size 2048K, 81 young (165888K), 3 survivors (6144K)
 Metaspace       used 51957K, committed 53248K, reserved 1114112K
  class space    used 6725K, committed 7360K, reserved 1048576K
}
Event: 7.282 GC heap after
{Heap after GC invocations=38 (full 0):
 garbage-first heap   total 276480K, used 44013K [0x0000000700000000, 0x0000000800000000)
  region size 2048K, 4 young (8192K), 4 survivors (8192K)
 Metaspace       used 51957K, committed 53248K, reserved 1114112K
  class space    used 6725K, committed 7360K, reserved 1048576K
}
Event: 7.667 GC heap before
{Heap before GC invocations=38 (full 0):
 garbage-first heap   total 276480K, used 91117K [0x0000000700000000, 0x0000000800000000)
  region size 2048K, 28 young (57344K), 4 survivors (8192K)
 Metaspace       used 58874K, committed 60160K, reserved 1114112K
  class space    used 7547K, committed 8192K, reserved 1048576K
}
Event: 7.669 GC heap after
{Heap after GC invocations=39 (full 0):
 garbage-first heap   total 276480K, used 45068K [0x0000000700000000, 0x0000000800000000)
  region size 2048K, 4 young (8192K), 4 survivors (8192K)
 Metaspace       used 58874K, committed 60160K, reserved 1114112K
  class space    used 7547K, committed 8192K, reserved 1048576K
}
Event: 8.222 GC heap before
{Heap before GC invocations=40 (full 0):
 garbage-first heap   total 163840K, used 135180K [0x0000000700000000, 0x0000000800000000)
  region size 2048K, 48 young (98304K), 4 survivors (8192K)
 Metaspace       used 66151K, committed 67520K, reserved 1114112K
  class space    used 8875K, committed 9536K, reserved 1048576K
}
Event: 8.229 GC heap after
{Heap after GC invocations=41 (full 0):
 garbage-first heap   total 163840K, used 61640K [0x0000000700000000, 0x0000000800000000)
  region size 2048K, 6 young (12288K), 6 survivors (12288K)
 Metaspace       used 66151K, committed 67520K, reserved 1114112K
  class space    used 8875K, committed 9536K, reserved 1048576K
}
Event: 9.069 GC heap before
{Heap before GC invocations=41 (full 0):
 garbage-first heap   total 163840K, used 139464K [0x0000000700000000, 0x0000000800000000)
  region size 2048K, 44 young (90112K), 6 survivors (12288K)
 Metaspace       used 75807K, committed 77120K, reserved 1179648K
  class space    used 9815K, committed 10432K, reserved 1048576K
}
Event: 9.075 GC heap after
{Heap after GC invocations=42 (full 0):
 garbage-first heap   total 163840K, used 70751K [0x0000000700000000, 0x0000000800000000)
  region size 2048K, 4 young (8192K), 4 survivors (8192K)
 Metaspace       used 75807K, committed 77120K, reserved 1179648K
  class space    used 9815K, committed 10432K, reserved 1048576K
}
Event: 9.516 GC heap before
{Heap before GC invocations=42 (full 0):
 garbage-first heap   total 163840K, used 142431K [0x0000000700000000, 0x0000000800000000)
  region size 2048K, 39 young (79872K), 4 survivors (8192K)
 Metaspace       used 81481K, committed 83136K, reserved 1179648K
  class space    used 10564K, committed 11392K, reserved 1048576K
}
Event: 9.520 GC heap after
{Heap after GC invocations=43 (full 0):
 garbage-first heap   total 163840K, used 76005K [0x0000000700000000, 0x0000000800000000)
  region size 2048K, 3 young (6144K), 3 survivors (6144K)
 Metaspace       used 81481K, committed 83136K, reserved 1179648K
  class space    used 10564K, committed 11392K, reserved 1048576K
}

